<?xml version="1.0" encoding="UTF-8"?>
<!-- Generated by org.testng.reporters.JUnitReportReporter -->
<testsuite hostname="Anil" failures="0" tests="1" name="orangehrm.testcases.UserLoginTestWithCredentials" time="1.290" errors="0" timestamp="2024-11-14T20:15:44 IST" skipped="0">
  <testcase classname="orangehrm.testcases.UserLoginTestWithCredentials" name="checkLogin" time="1.290"/>
</testsuite> <!-- orangehrm.testcases.UserLoginTestWithCredentials -->
