<?xml version="1.0" encoding="UTF-8"?>
<!-- Generated by org.testng.reporters.JUnitReportReporter -->
<testsuite hostname="Anil" failures="0" tests="1" name="orangehrm.testcases.AdminLoginTestwithValidCredentials" time="4.639" errors="0" timestamp="2024-11-18T23:47:15 IST" skipped="0">
  <testcase classname="orangehrm.testcases.AdminLoginTestwithValidCredentials" name="checkAdminLogin" time="4.639"/>
</testsuite> <!-- orangehrm.testcases.AdminLoginTestwithValidCredentials -->
