<?xml version="1.0" encoding="UTF-8"?>
<!-- Generated by org.testng.reporters.JUnitReportReporter -->
<testsuite hostname="Anil" failures="0" tests="1" name="orangehrm.testcases.AdminLoginTestwithInvalidCredentials" time="0.815" errors="0" timestamp="2024-11-18T23:47:15 IST" skipped="0">
  <testcase classname="orangehrm.testcases.AdminLoginTestwithInvalidCredentials" name="checkAdminLogin" time="0.815"/>
</testsuite> <!-- orangehrm.testcases.AdminLoginTestwithInvalidCredentials -->
