<?xml version="1.0" encoding="UTF-8"?>
<!-- Generated by org.testng.reporters.JUnitReportReporter -->
<testsuite hostname="DESKTOP-0RQF8FK" failures="0" tests="1" name="orangehrm.testcases.AdminLoginTestwithInvalidCredentials" time="1.426" errors="0" timestamp="2024-11-13T13:15:30 IST" skipped="0">
  <testcase classname="orangehrm.testcases.AdminLoginTestwithInvalidCredentials" name="checkAdminLogin" time="1.426"/>
</testsuite> <!-- orangehrm.testcases.AdminLoginTestwithInvalidCredentials -->
