<?xml version="1.0" encoding="UTF-8"?>
<!-- Generated by org.testng.reporters.JUnitReportReporter -->
<testsuite hostname="DESKTOP-0RQF8FK" failures="0" tests="1" name="orangehrm.testcases.AdminLoginTestwithValidCredentials" time="8.713" errors="0" timestamp="2024-11-13T13:15:30 IST" skipped="0">
  <testcase classname="orangehrm.testcases.AdminLoginTestwithValidCredentials" name="checkAdminLogin" time="8.713"/>
</testsuite> <!-- orangehrm.testcases.AdminLoginTestwithValidCredentials -->
