<?xml version="1.0" encoding="UTF-8"?>
<!-- Generated by org.testng.reporters.JUnitReportReporter -->
<testsuite hostname="DESKTOP-0RQF8FK" failures="0" tests="1" name="orangehrm.testcases.EmployeeRegTest" time="7.129" errors="0" timestamp="2024-11-13T13:15:30 IST" skipped="0">
  <testcase classname="orangehrm.testcases.EmployeeRegTest" name="checkEmpReg" time="7.129"/>
</testsuite> <!-- orangehrm.testcases.EmployeeRegTest -->
